{
  "stats": {
    "suites": 20,
    "tests": 48,
    "passes": 48,
    "pending": 0,
    "failures": 0,
    "start": "2025-04-16T07:46:51.050Z",
    "end": "2025-04-16T07:46:51.083Z",
    "duration": 33,
    "testsRegistered": 48,
    "passPercent": 100,
    "pendingPercent": 0,
    "other": 0,
    "hasOther": false,
    "skipped": 0,
    "hasSkipped": false
  },
  "results": [
    {
      "uuid": "d38a5cf0-8d8d-4b4b-bb6d-24456cc59cfb",
      "title": "",
      "fullFile": "",
      "file": "",
      "beforeHooks": [],
      "afterHooks": [],
      "tests": [],
      "suites": [
        {
          "uuid": "6f474b04-ed5b-4fc0-bee0-8f180c2e6533",
          "title": "arrayUtils",
          "fullFile": "D:\\JStesting\\test\\arrayUtils.test.js",
          "file": "\\test\\arrayUtils.test.js",
          "beforeHooks": [],
          "afterHooks": [],
          "tests": [],
          "suites": [
            {
              "uuid": "d5dcb3c9-a1e6-4e9f-8cc4-7d936fb0db06",
              "title": "findMax",
              "fullFile": "D:\\JStesting\\test\\arrayUtils.test.js",
              "file": "\\test\\arrayUtils.test.js",
              "beforeHooks": [],
              "afterHooks": [],
              "tests": [
                {
                  "title": "should find the maximum value in an array",
                  "fullTitle": "arrayUtils findMax should find the maximum value in an array",
                  "timedOut": false,
                  "duration": 0,
                  "state": "passed",
                  "speed": "fast",
                  "pass": true,
                  "fail": false,
                  "pending": false,
                  "context": null,
                  "code": "expect(findMax([1, 5, 3, 9, 2])).to.equal(9);",
                  "err": {},
                  "uuid": "58365a8c-8bbd-4b7f-a1e2-94e5385b51fd",
                  "parentUUID": "d5dcb3c9-a1e6-4e9f-8cc4-7d936fb0db06",
                  "isHook": false,
                  "skipped": false
                },
                {
                  "title": "should handle negative numbers",
                  "fullTitle": "arrayUtils findMax should handle negative numbers",
                  "timedOut": false,
                  "duration": 0,
                  "state": "passed",
                  "speed": "fast",
                  "pass": true,
                  "fail": false,
                  "pending": false,
                  "context": null,
                  "code": "expect(findMax([-1, -5, -3])).to.equal(-1);",
                  "err": {},
                  "uuid": "a48c0be4-68e2-4885-bca8-921455bdb122",
                  "parentUUID": "d5dcb3c9-a1e6-4e9f-8cc4-7d936fb0db06",
                  "isHook": false,
                  "skipped": false
                },
                {
                  "title": "should throw error if input is not an array",
                  "fullTitle": "arrayUtils findMax should throw error if input is not an array",
                  "timedOut": false,
                  "duration": 1,
                  "state": "passed",
                  "speed": "fast",
                  "pass": true,
                  "fail": false,
                  "pending": false,
                  "context": null,
                  "code": "expect(() => findMax('not an array')).to.throw('Input must be an array');\nexpect(() => findMax(123)).to.throw('Input must be an array');",
                  "err": {},
                  "uuid": "51168992-9115-4f66-ac97-ab12e780b636",
                  "parentUUID": "d5dcb3c9-a1e6-4e9f-8cc4-7d936fb0db06",
                  "isHook": false,
                  "skipped": false
                }
              ],
              "suites": [],
              "passes": [
                "58365a8c-8bbd-4b7f-a1e2-94e5385b51fd",
                "a48c0be4-68e2-4885-bca8-921455bdb122",
                "51168992-9115-4f66-ac97-ab12e780b636"
              ],
              "failures": [],
              "pending": [],
              "skipped": [],
              "duration": 1,
              "root": false,
              "rootEmpty": false,
              "_timeout": 2000
            },
            {
              "uuid": "133e9224-40c4-4fef-b898-f24690114369",
              "title": "findMin",
              "fullFile": "D:\\JStesting\\test\\arrayUtils.test.js",
              "file": "\\test\\arrayUtils.test.js",
              "beforeHooks": [],
              "afterHooks": [],
              "tests": [
                {
                  "title": "should find the minimum value in an array",
                  "fullTitle": "arrayUtils findMin should find the minimum value in an array",
                  "timedOut": false,
                  "duration": 0,
                  "state": "passed",
                  "speed": "fast",
                  "pass": true,
                  "fail": false,
                  "pending": false,
                  "context": null,
                  "code": "expect(findMin([1, 5, 3, 9, 2])).to.equal(1);",
                  "err": {},
                  "uuid": "35d39939-783c-414d-9be5-f54b896a40f9",
                  "parentUUID": "133e9224-40c4-4fef-b898-f24690114369",
                  "isHook": false,
                  "skipped": false
                },
                {
                  "title": "should handle negative numbers",
                  "fullTitle": "arrayUtils findMin should handle negative numbers",
                  "timedOut": false,
                  "duration": 0,
                  "state": "passed",
                  "speed": "fast",
                  "pass": true,
                  "fail": false,
                  "pending": false,
                  "context": null,
                  "code": "expect(findMin([-1, -5, -3])).to.equal(-5);",
                  "err": {},
                  "uuid": "a91e1909-aa3d-4fa4-aa81-8165aaeaeadc",
                  "parentUUID": "133e9224-40c4-4fef-b898-f24690114369",
                  "isHook": false,
                  "skipped": false
                },
                {
                  "title": "should throw error if input is not an array",
                  "fullTitle": "arrayUtils findMin should throw error if input is not an array",
                  "timedOut": false,
                  "duration": 0,
                  "state": "passed",
                  "speed": "fast",
                  "pass": true,
                  "fail": false,
                  "pending": false,
                  "context": null,
                  "code": "expect(() => findMin(null)).to.throw('Input must be an array');",
                  "err": {},
                  "uuid": "d521f989-3ca4-4b8e-ab1f-6952da7e3ae2",
                  "parentUUID": "133e9224-40c4-4fef-b898-f24690114369",
                  "isHook": false,
                  "skipped": false
                }
              ],
              "suites": [],
              "passes": [
                "35d39939-783c-414d-9be5-f54b896a40f9",
                "a91e1909-aa3d-4fa4-aa81-8165aaeaeadc",
                "d521f989-3ca4-4b8e-ab1f-6952da7e3ae2"
              ],
              "failures": [],
              "pending": [],
              "skipped": [],
              "duration": 0,
              "root": false,
              "rootEmpty": false,
              "_timeout": 2000
            },
            {
              "uuid": "97ed940c-5180-4b9d-99bc-f8605bd1db70",
              "title": "removeDuplicates",
              "fullFile": "D:\\JStesting\\test\\arrayUtils.test.js",
              "file": "\\test\\arrayUtils.test.js",
              "beforeHooks": [],
              "afterHooks": [],
              "tests": [
                {
                  "title": "should remove duplicate values from an array",
                  "fullTitle": "arrayUtils removeDuplicates should remove duplicate values from an array",
                  "timedOut": false,
                  "duration": 0,
                  "state": "passed",
                  "speed": "fast",
                  "pass": true,
                  "fail": false,
                  "pending": false,
                  "context": null,
                  "code": "expect(removeDuplicates([1, 2, 2, 3, 3, 3])).to.deep.equal([1, 2, 3]);",
                  "err": {},
                  "uuid": "47dbba79-a619-4f3f-95f6-cc98e5a0fdeb",
                  "parentUUID": "97ed940c-5180-4b9d-99bc-f8605bd1db70",
                  "isHook": false,
                  "skipped": false
                },
                {
                  "title": "should not modify arrays without duplicates",
                  "fullTitle": "arrayUtils removeDuplicates should not modify arrays without duplicates",
                  "timedOut": false,
                  "duration": 1,
                  "state": "passed",
                  "speed": "fast",
                  "pass": true,
                  "fail": false,
                  "pending": false,
                  "context": null,
                  "code": "expect(removeDuplicates([1, 2, 3])).to.deep.equal([1, 2, 3]);",
                  "err": {},
                  "uuid": "35607db4-e828-4f0f-b97d-d3c30e36dcbd",
                  "parentUUID": "97ed940c-5180-4b9d-99bc-f8605bd1db70",
                  "isHook": false,
                  "skipped": false
                },
                {
                  "title": "should handle empty arrays",
                  "fullTitle": "arrayUtils removeDuplicates should handle empty arrays",
                  "timedOut": false,
                  "duration": 0,
                  "state": "passed",
                  "speed": "fast",
                  "pass": true,
                  "fail": false,
                  "pending": false,
                  "context": null,
                  "code": "expect(removeDuplicates([])).to.deep.equal([]);",
                  "err": {},
                  "uuid": "23296da6-f56f-4655-bb8a-1f63e7dfbede",
                  "parentUUID": "97ed940c-5180-4b9d-99bc-f8605bd1db70",
                  "isHook": false,
                  "skipped": false
                },
                {
                  "title": "should throw error if input is not an array",
                  "fullTitle": "arrayUtils removeDuplicates should throw error if input is not an array",
                  "timedOut": false,
                  "duration": 0,
                  "state": "passed",
                  "speed": "fast",
                  "pass": true,
                  "fail": false,
                  "pending": false,
                  "context": null,
                  "code": "expect(() => removeDuplicates(undefined)).to.throw('Input must be an array');",
                  "err": {},
                  "uuid": "fa68f245-4414-4832-b45c-e306da7f62d9",
                  "parentUUID": "97ed940c-5180-4b9d-99bc-f8605bd1db70",
                  "isHook": false,
                  "skipped": false
                }
              ],
              "suites": [],
              "passes": [
                "47dbba79-a619-4f3f-95f6-cc98e5a0fdeb",
                "35607db4-e828-4f0f-b97d-d3c30e36dcbd",
                "23296da6-f56f-4655-bb8a-1f63e7dfbede",
                "fa68f245-4414-4832-b45c-e306da7f62d9"
              ],
              "failures": [],
              "pending": [],
              "skipped": [],
              "duration": 1,
              "root": false,
              "rootEmpty": false,
              "_timeout": 2000
            }
          ],
          "passes": [],
          "failures": [],
          "pending": [],
          "skipped": [],
          "duration": 0,
          "root": false,
          "rootEmpty": false,
          "_timeout": 2000
        },
        {
          "uuid": "04133dfd-c0d3-4ae9-91cb-cee5c0661cf1",
          "title": "mathUtils",
          "fullFile": "D:\\JStesting\\test\\mathUtils.test.js",
          "file": "\\test\\mathUtils.test.js",
          "beforeHooks": [],
          "afterHooks": [],
          "tests": [],
          "suites": [
            {
              "uuid": "fe5b4bcc-4d6e-473c-af1b-38183e65ef65",
              "title": "add",
              "fullFile": "D:\\JStesting\\test\\mathUtils.test.js",
              "file": "\\test\\mathUtils.test.js",
              "beforeHooks": [],
              "afterHooks": [],
              "tests": [
                {
                  "title": "should add two positive numbers",
                  "fullTitle": "mathUtils add should add two positive numbers",
                  "timedOut": false,
                  "duration": 1,
                  "state": "passed",
                  "speed": "fast",
                  "pass": true,
                  "fail": false,
                  "pending": false,
                  "context": null,
                  "code": "expect(add(2, 3)).to.equal(5);",
                  "err": {},
                  "uuid": "302db1ae-5439-432c-9616-372477e16fb5",
                  "parentUUID": "fe5b4bcc-4d6e-473c-af1b-38183e65ef65",
                  "isHook": false,
                  "skipped": false
                },
                {
                  "title": "should handle negative numbers",
                  "fullTitle": "mathUtils add should handle negative numbers",
                  "timedOut": false,
                  "duration": 0,
                  "state": "passed",
                  "speed": "fast",
                  "pass": true,
                  "fail": false,
                  "pending": false,
                  "context": null,
                  "code": "expect(add(-2, 3)).to.equal(1);\nexpect(add(5, -8)).to.equal(-3);\nexpect(add(-4, -6)).to.equal(-10);",
                  "err": {},
                  "uuid": "42adf93c-1f38-4152-8eba-947141449ead",
                  "parentUUID": "fe5b4bcc-4d6e-473c-af1b-38183e65ef65",
                  "isHook": false,
                  "skipped": false
                },
                {
                  "title": "should handle decimal numbers",
                  "fullTitle": "mathUtils add should handle decimal numbers",
                  "timedOut": false,
                  "duration": 0,
                  "state": "passed",
                  "speed": "fast",
                  "pass": true,
                  "fail": false,
                  "pending": false,
                  "context": null,
                  "code": "expect(add(1.5, 2.5)).to.equal(4);",
                  "err": {},
                  "uuid": "5f2b8d32-6629-42bd-9a9b-2b3bacce19a2",
                  "parentUUID": "fe5b4bcc-4d6e-473c-af1b-38183e65ef65",
                  "isHook": false,
                  "skipped": false
                }
              ],
              "suites": [],
              "passes": [
                "302db1ae-5439-432c-9616-372477e16fb5",
                "42adf93c-1f38-4152-8eba-947141449ead",
                "5f2b8d32-6629-42bd-9a9b-2b3bacce19a2"
              ],
              "failures": [],
              "pending": [],
              "skipped": [],
              "duration": 1,
              "root": false,
              "rootEmpty": false,
              "_timeout": 2000
            },
            {
              "uuid": "4ed4045c-03d0-48a0-a6fc-f88c62da7e21",
              "title": "subtract",
              "fullFile": "D:\\JStesting\\test\\mathUtils.test.js",
              "file": "\\test\\mathUtils.test.js",
              "beforeHooks": [],
              "afterHooks": [],
              "tests": [
                {
                  "title": "should subtract two numbers",
                  "fullTitle": "mathUtils subtract should subtract two numbers",
                  "timedOut": false,
                  "duration": 0,
                  "state": "passed",
                  "speed": "fast",
                  "pass": true,
                  "fail": false,
                  "pending": false,
                  "context": null,
                  "code": "expect(subtract(5, 3)).to.equal(2);",
                  "err": {},
                  "uuid": "acf556ee-bfea-492f-a092-d4d4ebba09a0",
                  "parentUUID": "4ed4045c-03d0-48a0-a6fc-f88c62da7e21",
                  "isHook": false,
                  "skipped": false
                },
                {
                  "title": "should handle negative numbers",
                  "fullTitle": "mathUtils subtract should handle negative numbers",
                  "timedOut": false,
                  "duration": 0,
                  "state": "passed",
                  "speed": "fast",
                  "pass": true,
                  "fail": false,
                  "pending": false,
                  "context": null,
                  "code": "expect(subtract(3, 5)).to.equal(-2);\nexpect(subtract(-3, -5)).to.equal(2);",
                  "err": {},
                  "uuid": "925efb45-1801-4ef4-8815-cd130c9daafd",
                  "parentUUID": "4ed4045c-03d0-48a0-a6fc-f88c62da7e21",
                  "isHook": false,
                  "skipped": false
                }
              ],
              "suites": [],
              "passes": [
                "acf556ee-bfea-492f-a092-d4d4ebba09a0",
                "925efb45-1801-4ef4-8815-cd130c9daafd"
              ],
              "failures": [],
              "pending": [],
              "skipped": [],
              "duration": 0,
              "root": false,
              "rootEmpty": false,
              "_timeout": 2000
            },
            {
              "uuid": "84a113ab-c5a0-472c-8949-f431074dd833",
              "title": "multiply",
              "fullFile": "D:\\JStesting\\test\\mathUtils.test.js",
              "file": "\\test\\mathUtils.test.js",
              "beforeHooks": [],
              "afterHooks": [],
              "tests": [
                {
                  "title": "should multiply two numbers",
                  "fullTitle": "mathUtils multiply should multiply two numbers",
                  "timedOut": false,
                  "duration": 0,
                  "state": "passed",
                  "speed": "fast",
                  "pass": true,
                  "fail": false,
                  "pending": false,
                  "context": null,
                  "code": "expect(multiply(2, 3)).to.equal(6);",
                  "err": {},
                  "uuid": "f72a8ec4-9ed8-42fe-abca-f2e5f3c059db",
                  "parentUUID": "84a113ab-c5a0-472c-8949-f431074dd833",
                  "isHook": false,
                  "skipped": false
                },
                {
                  "title": "should handle negative numbers",
                  "fullTitle": "mathUtils multiply should handle negative numbers",
                  "timedOut": false,
                  "duration": 0,
                  "state": "passed",
                  "speed": "fast",
                  "pass": true,
                  "fail": false,
                  "pending": false,
                  "context": null,
                  "code": "expect(multiply(-2, 3)).to.equal(-6);\nexpect(multiply(-2, -3)).to.equal(6);",
                  "err": {},
                  "uuid": "d7568987-42de-4a6b-9380-9006d13caf95",
                  "parentUUID": "84a113ab-c5a0-472c-8949-f431074dd833",
                  "isHook": false,
                  "skipped": false
                },
                {
                  "title": "should handle zero",
                  "fullTitle": "mathUtils multiply should handle zero",
                  "timedOut": false,
                  "duration": 0,
                  "state": "passed",
                  "speed": "fast",
                  "pass": true,
                  "fail": false,
                  "pending": false,
                  "context": null,
                  "code": "expect(multiply(5, 0)).to.equal(0);",
                  "err": {},
                  "uuid": "6aed38d4-3f9f-4060-88f4-6e58b2b77d6e",
                  "parentUUID": "84a113ab-c5a0-472c-8949-f431074dd833",
                  "isHook": false,
                  "skipped": false
                }
              ],
              "suites": [],
              "passes": [
                "f72a8ec4-9ed8-42fe-abca-f2e5f3c059db",
                "d7568987-42de-4a6b-9380-9006d13caf95",
                "6aed38d4-3f9f-4060-88f4-6e58b2b77d6e"
              ],
              "failures": [],
              "pending": [],
              "skipped": [],
              "duration": 0,
              "root": false,
              "rootEmpty": false,
              "_timeout": 2000
            },
            {
              "uuid": "d20baa64-69a0-499b-a1e0-b52243c8dbff",
              "title": "divide",
              "fullFile": "D:\\JStesting\\test\\mathUtils.test.js",
              "file": "\\test\\mathUtils.test.js",
              "beforeHooks": [],
              "afterHooks": [],
              "tests": [
                {
                  "title": "should divide two numbers",
                  "fullTitle": "mathUtils divide should divide two numbers",
                  "timedOut": false,
                  "duration": 0,
                  "state": "passed",
                  "speed": "fast",
                  "pass": true,
                  "fail": false,
                  "pending": false,
                  "context": null,
                  "code": "expect(divide(6, 3)).to.equal(2);",
                  "err": {},
                  "uuid": "9b7a1248-35ba-492c-97c4-80fbf1a3f352",
                  "parentUUID": "d20baa64-69a0-499b-a1e0-b52243c8dbff",
                  "isHook": false,
                  "skipped": false
                },
                {
                  "title": "should handle decimal results",
                  "fullTitle": "mathUtils divide should handle decimal results",
                  "timedOut": false,
                  "duration": 0,
                  "state": "passed",
                  "speed": "fast",
                  "pass": true,
                  "fail": false,
                  "pending": false,
                  "context": null,
                  "code": "expect(divide(5, 2)).to.equal(2.5);",
                  "err": {},
                  "uuid": "9862aab5-e158-46d9-84b0-2c758a81fb43",
                  "parentUUID": "d20baa64-69a0-499b-a1e0-b52243c8dbff",
                  "isHook": false,
                  "skipped": false
                },
                {
                  "title": "should throw error when dividing by zero",
                  "fullTitle": "mathUtils divide should throw error when dividing by zero",
                  "timedOut": false,
                  "duration": 0,
                  "state": "passed",
                  "speed": "fast",
                  "pass": true,
                  "fail": false,
                  "pending": false,
                  "context": null,
                  "code": "expect(() => divide(5, 0)).to.throw('Cannot divide by zero');",
                  "err": {},
                  "uuid": "d89cf227-60bb-4cc7-ac26-ac3a9705934a",
                  "parentUUID": "d20baa64-69a0-499b-a1e0-b52243c8dbff",
                  "isHook": false,
                  "skipped": false
                }
              ],
              "suites": [],
              "passes": [
                "9b7a1248-35ba-492c-97c4-80fbf1a3f352",
                "9862aab5-e158-46d9-84b0-2c758a81fb43",
                "d89cf227-60bb-4cc7-ac26-ac3a9705934a"
              ],
              "failures": [],
              "pending": [],
              "skipped": [],
              "duration": 0,
              "root": false,
              "rootEmpty": false,
              "_timeout": 2000
            }
          ],
          "passes": [],
          "failures": [],
          "pending": [],
          "skipped": [],
          "duration": 0,
          "root": false,
          "rootEmpty": false,
          "_timeout": 2000
        },
        {
          "uuid": "9c9588d0-0147-4697-ae8b-94acb2118e33",
          "title": "stringUtils",
          "fullFile": "D:\\JStesting\\test\\stringUtils.test.js",
          "file": "\\test\\stringUtils.test.js",
          "beforeHooks": [],
          "afterHooks": [],
          "tests": [],
          "suites": [
            {
              "uuid": "91146b2d-db10-4414-b6e1-8531da3473ac",
              "title": "capitalize",
              "fullFile": "D:\\JStesting\\test\\stringUtils.test.js",
              "file": "\\test\\stringUtils.test.js",
              "beforeHooks": [],
              "afterHooks": [],
              "tests": [
                {
                  "title": "should capitalize the first letter of a string",
                  "fullTitle": "stringUtils capitalize should capitalize the first letter of a string",
                  "timedOut": false,
                  "duration": 1,
                  "state": "passed",
                  "speed": "fast",
                  "pass": true,
                  "fail": false,
                  "pending": false,
                  "context": null,
                  "code": "expect(capitalize('hello')).to.equal('Hello');",
                  "err": {},
                  "uuid": "66dfdac3-a69c-423b-b278-4d3bf8467071",
                  "parentUUID": "91146b2d-db10-4414-b6e1-8531da3473ac",
                  "isHook": false,
                  "skipped": false
                },
                {
                  "title": "should not change already capitalized strings",
                  "fullTitle": "stringUtils capitalize should not change already capitalized strings",
                  "timedOut": false,
                  "duration": 0,
                  "state": "passed",
                  "speed": "fast",
                  "pass": true,
                  "fail": false,
                  "pending": false,
                  "context": null,
                  "code": "expect(capitalize('Hello')).to.equal('Hello');",
                  "err": {},
                  "uuid": "bce19557-01d7-4baf-81c6-321328d8312b",
                  "parentUUID": "91146b2d-db10-4414-b6e1-8531da3473ac",
                  "isHook": false,
                  "skipped": false
                },
                {
                  "title": "should handle empty strings",
                  "fullTitle": "stringUtils capitalize should handle empty strings",
                  "timedOut": false,
                  "duration": 0,
                  "state": "passed",
                  "speed": "fast",
                  "pass": true,
                  "fail": false,
                  "pending": false,
                  "context": null,
                  "code": "expect(capitalize('')).to.equal('');",
                  "err": {},
                  "uuid": "5d4b2f9d-8220-461c-a901-15a923bb9c96",
                  "parentUUID": "91146b2d-db10-4414-b6e1-8531da3473ac",
                  "isHook": false,
                  "skipped": false
                },
                {
                  "title": "should throw error if input is not a string",
                  "fullTitle": "stringUtils capitalize should throw error if input is not a string",
                  "timedOut": false,
                  "duration": 0,
                  "state": "passed",
                  "speed": "fast",
                  "pass": true,
                  "fail": false,
                  "pending": false,
                  "context": null,
                  "code": "expect(() => capitalize(123)).to.throw('Input must be a string');\nexpect(() => capitalize(null)).to.throw('Input must be a string');",
                  "err": {},
                  "uuid": "f100e7ec-b5b2-42f6-ae82-095320173d62",
                  "parentUUID": "91146b2d-db10-4414-b6e1-8531da3473ac",
                  "isHook": false,
                  "skipped": false
                }
              ],
              "suites": [],
              "passes": [
                "66dfdac3-a69c-423b-b278-4d3bf8467071",
                "bce19557-01d7-4baf-81c6-321328d8312b",
                "5d4b2f9d-8220-461c-a901-15a923bb9c96",
                "f100e7ec-b5b2-42f6-ae82-095320173d62"
              ],
              "failures": [],
              "pending": [],
              "skipped": [],
              "duration": 1,
              "root": false,
              "rootEmpty": false,
              "_timeout": 2000
            },
            {
              "uuid": "16336215-63d7-42ae-890d-c4e226525be2",
              "title": "reverseString",
              "fullFile": "D:\\JStesting\\test\\stringUtils.test.js",
              "file": "\\test\\stringUtils.test.js",
              "beforeHooks": [],
              "afterHooks": [],
              "tests": [
                {
                  "title": "should reverse a string",
                  "fullTitle": "stringUtils reverseString should reverse a string",
                  "timedOut": false,
                  "duration": 0,
                  "state": "passed",
                  "speed": "fast",
                  "pass": true,
                  "fail": false,
                  "pending": false,
                  "context": null,
                  "code": "expect(reverseString('hello')).to.equal('olleh');",
                  "err": {},
                  "uuid": "551a6e44-0db4-4676-bc1b-65b4d1e035bc",
                  "parentUUID": "16336215-63d7-42ae-890d-c4e226525be2",
                  "isHook": false,
                  "skipped": false
                },
                {
                  "title": "should handle empty strings",
                  "fullTitle": "stringUtils reverseString should handle empty strings",
                  "timedOut": false,
                  "duration": 0,
                  "state": "passed",
                  "speed": "fast",
                  "pass": true,
                  "fail": false,
                  "pending": false,
                  "context": null,
                  "code": "expect(reverseString('')).to.equal('');",
                  "err": {},
                  "uuid": "24c2d4bb-1b0b-44cf-99fa-8e569e9eef5f",
                  "parentUUID": "16336215-63d7-42ae-890d-c4e226525be2",
                  "isHook": false,
                  "skipped": false
                },
                {
                  "title": "should throw error if input is not a string",
                  "fullTitle": "stringUtils reverseString should throw error if input is not a string",
                  "timedOut": false,
                  "duration": 0,
                  "state": "passed",
                  "speed": "fast",
                  "pass": true,
                  "fail": false,
                  "pending": false,
                  "context": null,
                  "code": "expect(() => reverseString([])).to.throw('Input must be a string');",
                  "err": {},
                  "uuid": "0d9a1a82-1c8c-4728-a4cb-0c0e4c2107d3",
                  "parentUUID": "16336215-63d7-42ae-890d-c4e226525be2",
                  "isHook": false,
                  "skipped": false
                }
              ],
              "suites": [],
              "passes": [
                "551a6e44-0db4-4676-bc1b-65b4d1e035bc",
                "24c2d4bb-1b0b-44cf-99fa-8e569e9eef5f",
                "0d9a1a82-1c8c-4728-a4cb-0c0e4c2107d3"
              ],
              "failures": [],
              "pending": [],
              "skipped": [],
              "duration": 0,
              "root": false,
              "rootEmpty": false,
              "_timeout": 2000
            },
            {
              "uuid": "01ef7fc3-3e19-4710-b478-72e7cb5289df",
              "title": "isPalindrome",
              "fullFile": "D:\\JStesting\\test\\stringUtils.test.js",
              "file": "\\test\\stringUtils.test.js",
              "beforeHooks": [],
              "afterHooks": [],
              "tests": [
                {
                  "title": "should return true for palindromes",
                  "fullTitle": "stringUtils isPalindrome should return true for palindromes",
                  "timedOut": false,
                  "duration": 0,
                  "state": "passed",
                  "speed": "fast",
                  "pass": true,
                  "fail": false,
                  "pending": false,
                  "context": null,
                  "code": "expect(isPalindrome('radar')).to.be.true;\nexpect(isPalindrome('level')).to.be.true;",
                  "err": {},
                  "uuid": "43512256-5c4c-42bd-89b3-ee9746f05671",
                  "parentUUID": "01ef7fc3-3e19-4710-b478-72e7cb5289df",
                  "isHook": false,
                  "skipped": false
                },
                {
                  "title": "should return false for non-palindromes",
                  "fullTitle": "stringUtils isPalindrome should return false for non-palindromes",
                  "timedOut": false,
                  "duration": 0,
                  "state": "passed",
                  "speed": "fast",
                  "pass": true,
                  "fail": false,
                  "pending": false,
                  "context": null,
                  "code": "expect(isPalindrome('hello')).to.be.false;",
                  "err": {},
                  "uuid": "a37f3ce5-3c3c-4846-bd2b-8bc100cfbe4a",
                  "parentUUID": "01ef7fc3-3e19-4710-b478-72e7cb5289df",
                  "isHook": false,
                  "skipped": false
                },
                {
                  "title": "should handle empty strings",
                  "fullTitle": "stringUtils isPalindrome should handle empty strings",
                  "timedOut": false,
                  "duration": 0,
                  "state": "passed",
                  "speed": "fast",
                  "pass": true,
                  "fail": false,
                  "pending": false,
                  "context": null,
                  "code": "expect(isPalindrome('')).to.be.true;",
                  "err": {},
                  "uuid": "dc27f136-1430-4891-b56b-519e3419efb0",
                  "parentUUID": "01ef7fc3-3e19-4710-b478-72e7cb5289df",
                  "isHook": false,
                  "skipped": false
                },
                {
                  "title": "should throw error if input is not a string",
                  "fullTitle": "stringUtils isPalindrome should throw error if input is not a string",
                  "timedOut": false,
                  "duration": 0,
                  "state": "passed",
                  "speed": "fast",
                  "pass": true,
                  "fail": false,
                  "pending": false,
                  "context": null,
                  "code": "expect(() => isPalindrome({})).to.throw('Input must be a string');",
                  "err": {},
                  "uuid": "81a42ec8-7495-4976-9d34-546b0ac808a8",
                  "parentUUID": "01ef7fc3-3e19-4710-b478-72e7cb5289df",
                  "isHook": false,
                  "skipped": false
                }
              ],
              "suites": [],
              "passes": [
                "43512256-5c4c-42bd-89b3-ee9746f05671",
                "a37f3ce5-3c3c-4846-bd2b-8bc100cfbe4a",
                "dc27f136-1430-4891-b56b-519e3419efb0",
                "81a42ec8-7495-4976-9d34-546b0ac808a8"
              ],
              "failures": [],
              "pending": [],
              "skipped": [],
              "duration": 0,
              "root": false,
              "rootEmpty": false,
              "_timeout": 2000
            }
          ],
          "passes": [],
          "failures": [],
          "pending": [],
          "skipped": [],
          "duration": 0,
          "root": false,
          "rootEmpty": false,
          "_timeout": 2000
        },
        {
          "uuid": "ad7e79d2-898f-4e19-a315-f8fed64b287d",
          "title": "studentKnowledgeCheckerUtil",
          "fullFile": "D:\\JStesting\\test\\studentKnowledgeCheckerUtil.test.js",
          "file": "\\test\\studentKnowledgeCheckerUtil.test.js",
          "beforeHooks": [],
          "afterHooks": [],
          "tests": [],
          "suites": [
            {
              "uuid": "5c30f62c-8978-4728-92b7-f464c598edec",
              "title": "checkStudentKnowledge",
              "fullFile": "D:\\JStesting\\test\\studentKnowledgeCheckerUtil.test.js",
              "file": "\\test\\studentKnowledgeCheckerUtil.test.js",
              "beforeHooks": [],
              "afterHooks": [],
              "tests": [
                {
                  "title": "should return true when all answers are correct",
                  "fullTitle": "studentKnowledgeCheckerUtil checkStudentKnowledge should return true when all answers are correct",
                  "timedOut": false,
                  "duration": 0,
                  "state": "passed",
                  "speed": "fast",
                  "pass": true,
                  "fail": false,
                  "pending": false,
                  "context": null,
                  "code": "const studentAnswers = { q1: 'a', q2: 'b', q3: 'c' };\nconst correctAnswers = { q1: 'a', q2: 'b', q3: 'c' };\nexpect(checkStudentKnowledge(studentAnswers, correctAnswers)).to.be.true;",
                  "err": {},
                  "uuid": "492591ec-d9fb-4781-a87e-50e95bee1cc3",
                  "parentUUID": "5c30f62c-8978-4728-92b7-f464c598edec",
                  "isHook": false,
                  "skipped": false
                },
                {
                  "title": "should return false when an answer is incorrect",
                  "fullTitle": "studentKnowledgeCheckerUtil checkStudentKnowledge should return false when an answer is incorrect",
                  "timedOut": false,
                  "duration": 0,
                  "state": "passed",
                  "speed": "fast",
                  "pass": true,
                  "fail": false,
                  "pending": false,
                  "context": null,
                  "code": "const studentAnswers = { q1: 'a', q2: 'b', q3: 'c' };\nconst correctAnswers = { q1: 'a', q2: 'b', q3: 'd' };\nexpect(checkStudentKnowledge(studentAnswers, correctAnswers)).to.be.false;",
                  "err": {},
                  "uuid": "55156cd7-fdec-4d62-9f4d-b381e950c788",
                  "parentUUID": "5c30f62c-8978-4728-92b7-f464c598edec",
                  "isHook": false,
                  "skipped": false
                },
                {
                  "title": "should return false when question keys are different",
                  "fullTitle": "studentKnowledgeCheckerUtil checkStudentKnowledge should return false when question keys are different",
                  "timedOut": false,
                  "duration": 0,
                  "state": "passed",
                  "speed": "fast",
                  "pass": true,
                  "fail": false,
                  "pending": false,
                  "context": null,
                  "code": "const studentAnswers = { q1: 'a', q2: 'b', q3: 'c' };\nconst correctAnswers = { q1: 'a', q4: 'b', q3: 'c' };\nexpect(checkStudentKnowledge(studentAnswers, correctAnswers)).to.be.false;",
                  "err": {},
                  "uuid": "7df4f4eb-09de-43d9-a122-5da44a4f795a",
                  "parentUUID": "5c30f62c-8978-4728-92b7-f464c598edec",
                  "isHook": false,
                  "skipped": false
                },
                {
                  "title": "should return false when number of questions differs",
                  "fullTitle": "studentKnowledgeCheckerUtil checkStudentKnowledge should return false when number of questions differs",
                  "timedOut": false,
                  "duration": 0,
                  "state": "passed",
                  "speed": "fast",
                  "pass": true,
                  "fail": false,
                  "pending": false,
                  "context": null,
                  "code": "const studentAnswers = { q1: 'a', q2: 'b' };\nconst correctAnswers = { q1: 'a', q2: 'b', q3: 'c' };\nexpect(checkStudentKnowledge(studentAnswers, correctAnswers)).to.be.false;",
                  "err": {},
                  "uuid": "c04b9ffb-5b9b-4ff0-8b62-67f86b5bd7be",
                  "parentUUID": "5c30f62c-8978-4728-92b7-f464c598edec",
                  "isHook": false,
                  "skipped": false
                }
              ],
              "suites": [],
              "passes": [
                "492591ec-d9fb-4781-a87e-50e95bee1cc3",
                "55156cd7-fdec-4d62-9f4d-b381e950c788",
                "7df4f4eb-09de-43d9-a122-5da44a4f795a",
                "c04b9ffb-5b9b-4ff0-8b62-67f86b5bd7be"
              ],
              "failures": [],
              "pending": [],
              "skipped": [],
              "duration": 0,
              "root": false,
              "rootEmpty": false,
              "_timeout": 2000
            }
          ],
          "passes": [],
          "failures": [],
          "pending": [],
          "skipped": [],
          "duration": 0,
          "root": false,
          "rootEmpty": false,
          "_timeout": 2000
        },
        {
          "uuid": "2bb7e4b5-0908-43e7-9a08-ef014e40e1f5",
          "title": "usersListUtils",
          "fullFile": "D:\\JStesting\\test\\usersListUtils.test.js",
          "file": "\\test\\usersListUtils.test.js",
          "beforeHooks": [],
          "afterHooks": [],
          "tests": [],
          "suites": [
            {
              "uuid": "25874f5a-6850-47c0-9861-7098cfe4a693",
              "title": "filterUsersByAge",
              "fullFile": "D:\\JStesting\\test\\usersListUtils.test.js",
              "file": "\\test\\usersListUtils.test.js",
              "beforeHooks": [],
              "afterHooks": [],
              "tests": [
                {
                  "title": "should filter users by age range",
                  "fullTitle": "usersListUtils filterUsersByAge should filter users by age range",
                  "timedOut": false,
                  "duration": 1,
                  "state": "passed",
                  "speed": "fast",
                  "pass": true,
                  "fail": false,
                  "pending": false,
                  "context": null,
                  "code": "const filtered = filterUsersByAge(users, 25, 32);\nexpect(filtered).to.have.length(2);\nexpect(filtered[0].name).to.equal('John');\nexpect(filtered[1].name).to.equal('Alice');",
                  "err": {},
                  "uuid": "d8ead778-e139-46ad-9246-1f880517b378",
                  "parentUUID": "25874f5a-6850-47c0-9861-7098cfe4a693",
                  "isHook": false,
                  "skipped": false
                },
                {
                  "title": "should return empty array if no users match the age criteria",
                  "fullTitle": "usersListUtils filterUsersByAge should return empty array if no users match the age criteria",
                  "timedOut": false,
                  "duration": 1,
                  "state": "passed",
                  "speed": "fast",
                  "pass": true,
                  "fail": false,
                  "pending": false,
                  "context": null,
                  "code": "const filtered = filterUsersByAge(users, 40, 50);\nexpect(filtered).to.be.an('array').that.is.empty;",
                  "err": {},
                  "uuid": "67ac25b5-6308-4882-8288-250c799dcd01",
                  "parentUUID": "25874f5a-6850-47c0-9861-7098cfe4a693",
                  "isHook": false,
                  "skipped": false
                },
                {
                  "title": "should throw error if users is not an array",
                  "fullTitle": "usersListUtils filterUsersByAge should throw error if users is not an array",
                  "timedOut": false,
                  "duration": 1,
                  "state": "passed",
                  "speed": "fast",
                  "pass": true,
                  "fail": false,
                  "pending": false,
                  "context": null,
                  "code": "expect(() => filterUsersByAge(null, 20, 30)).to.throw('Users must be an array');\nexpect(() => filterUsersByAge({}, 20, 30)).to.throw('Users must be an array');",
                  "err": {},
                  "uuid": "ff0e0e0f-4414-4538-a52f-dc3b3161f02c",
                  "parentUUID": "25874f5a-6850-47c0-9861-7098cfe4a693",
                  "isHook": false,
                  "skipped": false
                }
              ],
              "suites": [],
              "passes": [
                "d8ead778-e139-46ad-9246-1f880517b378",
                "67ac25b5-6308-4882-8288-250c799dcd01",
                "ff0e0e0f-4414-4538-a52f-dc3b3161f02c"
              ],
              "failures": [],
              "pending": [],
              "skipped": [],
              "duration": 3,
              "root": false,
              "rootEmpty": false,
              "_timeout": 2000
            },
            {
              "uuid": "9b16e37e-df03-416d-a62c-e56d1f15548d",
              "title": "sortUsersByName",
              "fullFile": "D:\\JStesting\\test\\usersListUtils.test.js",
              "file": "\\test\\usersListUtils.test.js",
              "beforeHooks": [],
              "afterHooks": [],
              "tests": [
                {
                  "title": "should sort users by name alphabetically",
                  "fullTitle": "usersListUtils sortUsersByName should sort users by name alphabetically",
                  "timedOut": false,
                  "duration": 1,
                  "state": "passed",
                  "speed": "fast",
                  "pass": true,
                  "fail": false,
                  "pending": false,
                  "context": null,
                  "code": "const sorted = sortUsersByName(users);\nexpect(sorted[0].name).to.equal('Alice');\nexpect(sorted[1].name).to.equal('Bob');\nexpect(sorted[2].name).to.equal('David');\nexpect(sorted[3].name).to.equal('John');",
                  "err": {},
                  "uuid": "6666d8ac-c7e0-4738-b9d7-2cc5b0117206",
                  "parentUUID": "9b16e37e-df03-416d-a62c-e56d1f15548d",
                  "isHook": false,
                  "skipped": false
                },
                {
                  "title": "should return new array and not modify original",
                  "fullTitle": "usersListUtils sortUsersByName should return new array and not modify original",
                  "timedOut": false,
                  "duration": 0,
                  "state": "passed",
                  "speed": "fast",
                  "pass": true,
                  "fail": false,
                  "pending": false,
                  "context": null,
                  "code": "const original = [...users];\nsortUsersByName(users);\nexpect(users[0].name).to.equal(original[0].name);",
                  "err": {},
                  "uuid": "f9c594b5-523c-440c-ac89-031e54607404",
                  "parentUUID": "9b16e37e-df03-416d-a62c-e56d1f15548d",
                  "isHook": false,
                  "skipped": false
                },
                {
                  "title": "should throw error if users is not an array",
                  "fullTitle": "usersListUtils sortUsersByName should throw error if users is not an array",
                  "timedOut": false,
                  "duration": 1,
                  "state": "passed",
                  "speed": "fast",
                  "pass": true,
                  "fail": false,
                  "pending": false,
                  "context": null,
                  "code": "expect(() => sortUsersByName(null)).to.throw('Users must be an array');",
                  "err": {},
                  "uuid": "59b2b9ac-8ae8-4e38-9905-eb8c66233c4c",
                  "parentUUID": "9b16e37e-df03-416d-a62c-e56d1f15548d",
                  "isHook": false,
                  "skipped": false
                }
              ],
              "suites": [],
              "passes": [
                "6666d8ac-c7e0-4738-b9d7-2cc5b0117206",
                "f9c594b5-523c-440c-ac89-031e54607404",
                "59b2b9ac-8ae8-4e38-9905-eb8c66233c4c"
              ],
              "failures": [],
              "pending": [],
              "skipped": [],
              "duration": 2,
              "root": false,
              "rootEmpty": false,
              "_timeout": 2000
            },
            {
              "uuid": "24995dcb-11a2-4cb5-bff3-beed5c80fd1b",
              "title": "findUserById",
              "fullFile": "D:\\JStesting\\test\\usersListUtils.test.js",
              "file": "\\test\\usersListUtils.test.js",
              "beforeHooks": [],
              "afterHooks": [],
              "tests": [
                {
                  "title": "should find user by id",
                  "fullTitle": "usersListUtils findUserById should find user by id",
                  "timedOut": false,
                  "duration": 0,
                  "state": "passed",
                  "speed": "fast",
                  "pass": true,
                  "fail": false,
                  "pending": false,
                  "context": null,
                  "code": "const user = findUserById(users, 2);\nexpect(user).to.not.be.null;\nexpect(user.name).to.equal('Alice');",
                  "err": {},
                  "uuid": "79288c8c-28b4-42af-8a24-6c541f3035d0",
                  "parentUUID": "24995dcb-11a2-4cb5-bff3-beed5c80fd1b",
                  "isHook": false,
                  "skipped": false
                },
                {
                  "title": "should return null if user not found",
                  "fullTitle": "usersListUtils findUserById should return null if user not found",
                  "timedOut": false,
                  "duration": 0,
                  "state": "passed",
                  "speed": "fast",
                  "pass": true,
                  "fail": false,
                  "pending": false,
                  "context": null,
                  "code": "const user = findUserById(users, 99);\nexpect(user).to.be.null;",
                  "err": {},
                  "uuid": "9887e15a-69bb-4050-9a18-89feb746e260",
                  "parentUUID": "24995dcb-11a2-4cb5-bff3-beed5c80fd1b",
                  "isHook": false,
                  "skipped": false
                },
                {
                  "title": "should throw error if users is not an array",
                  "fullTitle": "usersListUtils findUserById should throw error if users is not an array",
                  "timedOut": false,
                  "duration": 0,
                  "state": "passed",
                  "speed": "fast",
                  "pass": true,
                  "fail": false,
                  "pending": false,
                  "context": null,
                  "code": "expect(() => findUserById('not an array', 1)).to.throw('Users must be an array');",
                  "err": {},
                  "uuid": "d3011281-f463-4b56-bbf3-687873a76879",
                  "parentUUID": "24995dcb-11a2-4cb5-bff3-beed5c80fd1b",
                  "isHook": false,
                  "skipped": false
                }
              ],
              "suites": [],
              "passes": [
                "79288c8c-28b4-42af-8a24-6c541f3035d0",
                "9887e15a-69bb-4050-9a18-89feb746e260",
                "d3011281-f463-4b56-bbf3-687873a76879"
              ],
              "failures": [],
              "pending": [],
              "skipped": [],
              "duration": 0,
              "root": false,
              "rootEmpty": false,
              "_timeout": 2000
            },
            {
              "uuid": "b292c009-31b6-48dd-9e5e-b04fd1c56295",
              "title": "isEmailTaken",
              "fullFile": "D:\\JStesting\\test\\usersListUtils.test.js",
              "file": "\\test\\usersListUtils.test.js",
              "beforeHooks": [],
              "afterHooks": [],
              "tests": [
                {
                  "title": "should return true if email is taken",
                  "fullTitle": "usersListUtils isEmailTaken should return true if email is taken",
                  "timedOut": false,
                  "duration": 0,
                  "state": "passed",
                  "speed": "fast",
                  "pass": true,
                  "fail": false,
                  "pending": false,
                  "context": null,
                  "code": "expect(isEmailTaken(users, 'bob@example.com')).to.be.true;",
                  "err": {},
                  "uuid": "16bb8446-5833-4d59-9db1-8c6104bee3ae",
                  "parentUUID": "b292c009-31b6-48dd-9e5e-b04fd1c56295",
                  "isHook": false,
                  "skipped": false
                },
                {
                  "title": "should return false if email is not taken",
                  "fullTitle": "usersListUtils isEmailTaken should return false if email is not taken",
                  "timedOut": false,
                  "duration": 0,
                  "state": "passed",
                  "speed": "fast",
                  "pass": true,
                  "fail": false,
                  "pending": false,
                  "context": null,
                  "code": "expect(isEmailTaken(users, 'unknown@example.com')).to.be.false;",
                  "err": {},
                  "uuid": "f76c8cc2-3347-48fb-aedd-020a161b1a97",
                  "parentUUID": "b292c009-31b6-48dd-9e5e-b04fd1c56295",
                  "isHook": false,
                  "skipped": false
                },
                {
                  "title": "should throw error if users is not an array",
                  "fullTitle": "usersListUtils isEmailTaken should throw error if users is not an array",
                  "timedOut": false,
                  "duration": 0,
                  "state": "passed",
                  "speed": "fast",
                  "pass": true,
                  "fail": false,
                  "pending": false,
                  "context": null,
                  "code": "expect(() => isEmailTaken(undefined, 'test@example.com')).to.throw('Users must be an array');",
                  "err": {},
                  "uuid": "4a2f4047-e93e-48bc-aeb7-da41facaf3c9",
                  "parentUUID": "b292c009-31b6-48dd-9e5e-b04fd1c56295",
                  "isHook": false,
                  "skipped": false
                }
              ],
              "suites": [],
              "passes": [
                "16bb8446-5833-4d59-9db1-8c6104bee3ae",
                "f76c8cc2-3347-48fb-aedd-020a161b1a97",
                "4a2f4047-e93e-48bc-aeb7-da41facaf3c9"
              ],
              "failures": [],
              "pending": [],
              "skipped": [],
              "duration": 0,
              "root": false,
              "rootEmpty": false,
              "_timeout": 2000
            }
          ],
          "passes": [],
          "failures": [],
          "pending": [],
          "skipped": [],
          "duration": 0,
          "root": false,
          "rootEmpty": false,
          "_timeout": 2000
        }
      ],
      "passes": [],
      "failures": [],
      "pending": [],
      "skipped": [],
      "duration": 0,
      "root": true,
      "rootEmpty": true,
      "_timeout": 2000
    }
  ],
  "meta": {
    "mocha": {
      "version": "10.8.2"
    },
    "mochawesome": {
      "options": {
        "quiet": false,
        "reportFilename": "mochawesome",
        "saveHtml": true,
        "saveJson": true,
        "consoleReporter": "spec",
        "useInlineDiffs": false,
        "code": true
      },
      "version": "7.1.3"
    },
    "marge": {
      "options": null,
      "version": "6.2.0"
    }
  }
}