{
  "stats": {
    "suites": 20,
    "tests": 48,
    "passes": 48,
    "pending": 0,
    "failures": 0,
    "start": "2025-05-04T14:58:19.377Z",
    "end": "2025-05-04T14:58:19.406Z",
    "duration": 29,
    "testsRegistered": 48,
    "passPercent": 100,
    "pendingPercent": 0,
    "other": 0,
    "hasOther": false,
    "skipped": 0,
    "hasSkipped": false
  },
  "results": [
    {
      "uuid": "a95d8c11-74db-4763-ae1c-d93fdd9f12a3",
      "title": "",
      "fullFile": "",
      "file": "",
      "beforeHooks": [],
      "afterHooks": [],
      "tests": [],
      "suites": [
        {
          "uuid": "f3cd42f9-6074-44a9-a4ac-96bd29dd91f4",
          "title": "arrayUtils",
          "fullFile": "D:\\JStesting\\test\\arrayUtils.test.js",
          "file": "\\test\\arrayUtils.test.js",
          "beforeHooks": [],
          "afterHooks": [],
          "tests": [],
          "suites": [
            {
              "uuid": "3eb4960f-e758-4d5a-85e9-5fd2a655b491",
              "title": "findMax",
              "fullFile": "D:\\JStesting\\test\\arrayUtils.test.js",
              "file": "\\test\\arrayUtils.test.js",
              "beforeHooks": [],
              "afterHooks": [],
              "tests": [
                {
                  "title": "should find the maximum value in an array",
                  "fullTitle": "arrayUtils findMax should find the maximum value in an array",
                  "timedOut": false,
                  "duration": 1,
                  "state": "passed",
                  "speed": "fast",
                  "pass": true,
                  "fail": false,
                  "pending": false,
                  "context": null,
                  "code": "expect(findMax([1, 5, 3, 9, 2])).to.equal(9);",
                  "err": {},
                  "uuid": "4826d819-d52f-4f86-94a0-d2f66fe94c1a",
                  "parentUUID": "3eb4960f-e758-4d5a-85e9-5fd2a655b491",
                  "isHook": false,
                  "skipped": false
                },
                {
                  "title": "should handle negative numbers",
                  "fullTitle": "arrayUtils findMax should handle negative numbers",
                  "timedOut": false,
                  "duration": 0,
                  "state": "passed",
                  "speed": "fast",
                  "pass": true,
                  "fail": false,
                  "pending": false,
                  "context": null,
                  "code": "expect(findMax([-1, -5, -3])).to.equal(-1);",
                  "err": {},
                  "uuid": "2a17142e-6a90-41d5-b709-b91d8b9bf7af",
                  "parentUUID": "3eb4960f-e758-4d5a-85e9-5fd2a655b491",
                  "isHook": false,
                  "skipped": false
                },
                {
                  "title": "should throw error if input is not an array",
                  "fullTitle": "arrayUtils findMax should throw error if input is not an array",
                  "timedOut": false,
                  "duration": 1,
                  "state": "passed",
                  "speed": "fast",
                  "pass": true,
                  "fail": false,
                  "pending": false,
                  "context": null,
                  "code": "expect(() => findMax('not an array')).to.throw('Input must be an array');\nexpect(() => findMax(123)).to.throw('Input must be an array');",
                  "err": {},
                  "uuid": "c617d110-74e4-4fdd-83a4-89d5bb3ca6a4",
                  "parentUUID": "3eb4960f-e758-4d5a-85e9-5fd2a655b491",
                  "isHook": false,
                  "skipped": false
                }
              ],
              "suites": [],
              "passes": [
                "4826d819-d52f-4f86-94a0-d2f66fe94c1a",
                "2a17142e-6a90-41d5-b709-b91d8b9bf7af",
                "c617d110-74e4-4fdd-83a4-89d5bb3ca6a4"
              ],
              "failures": [],
              "pending": [],
              "skipped": [],
              "duration": 2,
              "root": false,
              "rootEmpty": false,
              "_timeout": 2000
            },
            {
              "uuid": "889d1a2c-e2ea-4b9c-b8a2-3cd05f4b2f3b",
              "title": "findMin",
              "fullFile": "D:\\JStesting\\test\\arrayUtils.test.js",
              "file": "\\test\\arrayUtils.test.js",
              "beforeHooks": [],
              "afterHooks": [],
              "tests": [
                {
                  "title": "should find the minimum value in an array",
                  "fullTitle": "arrayUtils findMin should find the minimum value in an array",
                  "timedOut": false,
                  "duration": 0,
                  "state": "passed",
                  "speed": "fast",
                  "pass": true,
                  "fail": false,
                  "pending": false,
                  "context": null,
                  "code": "expect(findMin([1, 5, 3, 9, 2])).to.equal(1);",
                  "err": {},
                  "uuid": "d7640216-7df1-4188-9b40-28631bb32aed",
                  "parentUUID": "889d1a2c-e2ea-4b9c-b8a2-3cd05f4b2f3b",
                  "isHook": false,
                  "skipped": false
                },
                {
                  "title": "should handle negative numbers",
                  "fullTitle": "arrayUtils findMin should handle negative numbers",
                  "timedOut": false,
                  "duration": 0,
                  "state": "passed",
                  "speed": "fast",
                  "pass": true,
                  "fail": false,
                  "pending": false,
                  "context": null,
                  "code": "expect(findMin([-1, -5, -3])).to.equal(-5);",
                  "err": {},
                  "uuid": "0e86533d-bd13-40f4-8d11-f6a204d361e6",
                  "parentUUID": "889d1a2c-e2ea-4b9c-b8a2-3cd05f4b2f3b",
                  "isHook": false,
                  "skipped": false
                },
                {
                  "title": "should throw error if input is not an array",
                  "fullTitle": "arrayUtils findMin should throw error if input is not an array",
                  "timedOut": false,
                  "duration": 0,
                  "state": "passed",
                  "speed": "fast",
                  "pass": true,
                  "fail": false,
                  "pending": false,
                  "context": null,
                  "code": "expect(() => findMin(null)).to.throw('Input must be an array');",
                  "err": {},
                  "uuid": "ecbd4c02-e745-47f9-bb91-170831e60f3c",
                  "parentUUID": "889d1a2c-e2ea-4b9c-b8a2-3cd05f4b2f3b",
                  "isHook": false,
                  "skipped": false
                }
              ],
              "suites": [],
              "passes": [
                "d7640216-7df1-4188-9b40-28631bb32aed",
                "0e86533d-bd13-40f4-8d11-f6a204d361e6",
                "ecbd4c02-e745-47f9-bb91-170831e60f3c"
              ],
              "failures": [],
              "pending": [],
              "skipped": [],
              "duration": 0,
              "root": false,
              "rootEmpty": false,
              "_timeout": 2000
            },
            {
              "uuid": "81b19648-7eef-41ba-ac6e-226b63e40521",
              "title": "removeDuplicates",
              "fullFile": "D:\\JStesting\\test\\arrayUtils.test.js",
              "file": "\\test\\arrayUtils.test.js",
              "beforeHooks": [],
              "afterHooks": [],
              "tests": [
                {
                  "title": "should remove duplicate values from an array",
                  "fullTitle": "arrayUtils removeDuplicates should remove duplicate values from an array",
                  "timedOut": false,
                  "duration": 1,
                  "state": "passed",
                  "speed": "fast",
                  "pass": true,
                  "fail": false,
                  "pending": false,
                  "context": null,
                  "code": "expect(removeDuplicates([1, 2, 2, 3, 3, 3])).to.deep.equal([1, 2, 3]);",
                  "err": {},
                  "uuid": "0d3b90e7-170a-4768-acec-9d18982e6382",
                  "parentUUID": "81b19648-7eef-41ba-ac6e-226b63e40521",
                  "isHook": false,
                  "skipped": false
                },
                {
                  "title": "should not modify arrays without duplicates",
                  "fullTitle": "arrayUtils removeDuplicates should not modify arrays without duplicates",
                  "timedOut": false,
                  "duration": 0,
                  "state": "passed",
                  "speed": "fast",
                  "pass": true,
                  "fail": false,
                  "pending": false,
                  "context": null,
                  "code": "expect(removeDuplicates([1, 2, 3])).to.deep.equal([1, 2, 3]);",
                  "err": {},
                  "uuid": "9b6f313f-9d7a-429f-97d1-58e358f38478",
                  "parentUUID": "81b19648-7eef-41ba-ac6e-226b63e40521",
                  "isHook": false,
                  "skipped": false
                },
                {
                  "title": "should handle empty arrays",
                  "fullTitle": "arrayUtils removeDuplicates should handle empty arrays",
                  "timedOut": false,
                  "duration": 0,
                  "state": "passed",
                  "speed": "fast",
                  "pass": true,
                  "fail": false,
                  "pending": false,
                  "context": null,
                  "code": "expect(removeDuplicates([])).to.deep.equal([]);",
                  "err": {},
                  "uuid": "e125d106-bd14-49c4-9bbe-a5e06b73b26c",
                  "parentUUID": "81b19648-7eef-41ba-ac6e-226b63e40521",
                  "isHook": false,
                  "skipped": false
                },
                {
                  "title": "should throw error if input is not an array",
                  "fullTitle": "arrayUtils removeDuplicates should throw error if input is not an array",
                  "timedOut": false,
                  "duration": 0,
                  "state": "passed",
                  "speed": "fast",
                  "pass": true,
                  "fail": false,
                  "pending": false,
                  "context": null,
                  "code": "expect(() => removeDuplicates(undefined)).to.throw('Input must be an array');",
                  "err": {},
                  "uuid": "71586c02-5cc7-4a87-a255-4c9628263a8b",
                  "parentUUID": "81b19648-7eef-41ba-ac6e-226b63e40521",
                  "isHook": false,
                  "skipped": false
                }
              ],
              "suites": [],
              "passes": [
                "0d3b90e7-170a-4768-acec-9d18982e6382",
                "9b6f313f-9d7a-429f-97d1-58e358f38478",
                "e125d106-bd14-49c4-9bbe-a5e06b73b26c",
                "71586c02-5cc7-4a87-a255-4c9628263a8b"
              ],
              "failures": [],
              "pending": [],
              "skipped": [],
              "duration": 1,
              "root": false,
              "rootEmpty": false,
              "_timeout": 2000
            }
          ],
          "passes": [],
          "failures": [],
          "pending": [],
          "skipped": [],
          "duration": 0,
          "root": false,
          "rootEmpty": false,
          "_timeout": 2000
        },
        {
          "uuid": "af9c416e-c16f-4beb-8104-5bd4148dff89",
          "title": "mathUtils",
          "fullFile": "D:\\JStesting\\test\\mathUtils.test.js",
          "file": "\\test\\mathUtils.test.js",
          "beforeHooks": [],
          "afterHooks": [],
          "tests": [],
          "suites": [
            {
              "uuid": "043d6d61-28d1-4190-8165-1783e94ddd81",
              "title": "add",
              "fullFile": "D:\\JStesting\\test\\mathUtils.test.js",
              "file": "\\test\\mathUtils.test.js",
              "beforeHooks": [],
              "afterHooks": [],
              "tests": [
                {
                  "title": "should add two positive numbers",
                  "fullTitle": "mathUtils add should add two positive numbers",
                  "timedOut": false,
                  "duration": 0,
                  "state": "passed",
                  "speed": "fast",
                  "pass": true,
                  "fail": false,
                  "pending": false,
                  "context": null,
                  "code": "expect(add(2, 3)).to.equal(5);",
                  "err": {},
                  "uuid": "fbf75211-f1ff-4aff-8678-667463ef0931",
                  "parentUUID": "043d6d61-28d1-4190-8165-1783e94ddd81",
                  "isHook": false,
                  "skipped": false
                },
                {
                  "title": "should handle negative numbers",
                  "fullTitle": "mathUtils add should handle negative numbers",
                  "timedOut": false,
                  "duration": 0,
                  "state": "passed",
                  "speed": "fast",
                  "pass": true,
                  "fail": false,
                  "pending": false,
                  "context": null,
                  "code": "expect(add(-2, 3)).to.equal(1);\nexpect(add(5, -8)).to.equal(-3);\nexpect(add(-4, -6)).to.equal(-10);",
                  "err": {},
                  "uuid": "21798c56-2c85-40a1-abe8-54576c5b6868",
                  "parentUUID": "043d6d61-28d1-4190-8165-1783e94ddd81",
                  "isHook": false,
                  "skipped": false
                },
                {
                  "title": "should handle decimal numbers",
                  "fullTitle": "mathUtils add should handle decimal numbers",
                  "timedOut": false,
                  "duration": 0,
                  "state": "passed",
                  "speed": "fast",
                  "pass": true,
                  "fail": false,
                  "pending": false,
                  "context": null,
                  "code": "expect(add(1.5, 2.5)).to.equal(4);",
                  "err": {},
                  "uuid": "b0838c61-68cb-4fc0-8dcd-ec837504396c",
                  "parentUUID": "043d6d61-28d1-4190-8165-1783e94ddd81",
                  "isHook": false,
                  "skipped": false
                }
              ],
              "suites": [],
              "passes": [
                "fbf75211-f1ff-4aff-8678-667463ef0931",
                "21798c56-2c85-40a1-abe8-54576c5b6868",
                "b0838c61-68cb-4fc0-8dcd-ec837504396c"
              ],
              "failures": [],
              "pending": [],
              "skipped": [],
              "duration": 0,
              "root": false,
              "rootEmpty": false,
              "_timeout": 2000
            },
            {
              "uuid": "200bbf55-f390-4679-97c5-650e0cb51959",
              "title": "subtract",
              "fullFile": "D:\\JStesting\\test\\mathUtils.test.js",
              "file": "\\test\\mathUtils.test.js",
              "beforeHooks": [],
              "afterHooks": [],
              "tests": [
                {
                  "title": "should subtract two numbers",
                  "fullTitle": "mathUtils subtract should subtract two numbers",
                  "timedOut": false,
                  "duration": 0,
                  "state": "passed",
                  "speed": "fast",
                  "pass": true,
                  "fail": false,
                  "pending": false,
                  "context": null,
                  "code": "expect(subtract(5, 3)).to.equal(2);",
                  "err": {},
                  "uuid": "18eb3043-143d-4d62-bca4-fdad978df514",
                  "parentUUID": "200bbf55-f390-4679-97c5-650e0cb51959",
                  "isHook": false,
                  "skipped": false
                },
                {
                  "title": "should handle negative numbers",
                  "fullTitle": "mathUtils subtract should handle negative numbers",
                  "timedOut": false,
                  "duration": 0,
                  "state": "passed",
                  "speed": "fast",
                  "pass": true,
                  "fail": false,
                  "pending": false,
                  "context": null,
                  "code": "expect(subtract(3, 5)).to.equal(-2);\nexpect(subtract(-3, -5)).to.equal(2);",
                  "err": {},
                  "uuid": "08976e9b-6e10-4df4-bc4c-33ccd226f1b0",
                  "parentUUID": "200bbf55-f390-4679-97c5-650e0cb51959",
                  "isHook": false,
                  "skipped": false
                }
              ],
              "suites": [],
              "passes": [
                "18eb3043-143d-4d62-bca4-fdad978df514",
                "08976e9b-6e10-4df4-bc4c-33ccd226f1b0"
              ],
              "failures": [],
              "pending": [],
              "skipped": [],
              "duration": 0,
              "root": false,
              "rootEmpty": false,
              "_timeout": 2000
            },
            {
              "uuid": "62b4aa32-4cf3-4edd-b864-270854fffb45",
              "title": "multiply",
              "fullFile": "D:\\JStesting\\test\\mathUtils.test.js",
              "file": "\\test\\mathUtils.test.js",
              "beforeHooks": [],
              "afterHooks": [],
              "tests": [
                {
                  "title": "should multiply two numbers",
                  "fullTitle": "mathUtils multiply should multiply two numbers",
                  "timedOut": false,
                  "duration": 1,
                  "state": "passed",
                  "speed": "fast",
                  "pass": true,
                  "fail": false,
                  "pending": false,
                  "context": null,
                  "code": "expect(multiply(2, 3)).to.equal(6);",
                  "err": {},
                  "uuid": "1a3f0d12-74e5-4671-a767-54061803c905",
                  "parentUUID": "62b4aa32-4cf3-4edd-b864-270854fffb45",
                  "isHook": false,
                  "skipped": false
                },
                {
                  "title": "should handle negative numbers",
                  "fullTitle": "mathUtils multiply should handle negative numbers",
                  "timedOut": false,
                  "duration": 0,
                  "state": "passed",
                  "speed": "fast",
                  "pass": true,
                  "fail": false,
                  "pending": false,
                  "context": null,
                  "code": "expect(multiply(-2, 3)).to.equal(-6);\nexpect(multiply(-2, -3)).to.equal(6);",
                  "err": {},
                  "uuid": "b0ec1481-21c6-4d26-b68f-cbaf624a201f",
                  "parentUUID": "62b4aa32-4cf3-4edd-b864-270854fffb45",
                  "isHook": false,
                  "skipped": false
                },
                {
                  "title": "should handle zero",
                  "fullTitle": "mathUtils multiply should handle zero",
                  "timedOut": false,
                  "duration": 0,
                  "state": "passed",
                  "speed": "fast",
                  "pass": true,
                  "fail": false,
                  "pending": false,
                  "context": null,
                  "code": "expect(multiply(5, 0)).to.equal(0);",
                  "err": {},
                  "uuid": "6cd12b2f-71c6-48ce-b549-2b7c3cb6bc57",
                  "parentUUID": "62b4aa32-4cf3-4edd-b864-270854fffb45",
                  "isHook": false,
                  "skipped": false
                }
              ],
              "suites": [],
              "passes": [
                "1a3f0d12-74e5-4671-a767-54061803c905",
                "b0ec1481-21c6-4d26-b68f-cbaf624a201f",
                "6cd12b2f-71c6-48ce-b549-2b7c3cb6bc57"
              ],
              "failures": [],
              "pending": [],
              "skipped": [],
              "duration": 1,
              "root": false,
              "rootEmpty": false,
              "_timeout": 2000
            },
            {
              "uuid": "8aa0e33d-8836-406c-8765-e1072d7d8625",
              "title": "divide",
              "fullFile": "D:\\JStesting\\test\\mathUtils.test.js",
              "file": "\\test\\mathUtils.test.js",
              "beforeHooks": [],
              "afterHooks": [],
              "tests": [
                {
                  "title": "should divide two numbers",
                  "fullTitle": "mathUtils divide should divide two numbers",
                  "timedOut": false,
                  "duration": 0,
                  "state": "passed",
                  "speed": "fast",
                  "pass": true,
                  "fail": false,
                  "pending": false,
                  "context": null,
                  "code": "expect(divide(6, 3)).to.equal(2);",
                  "err": {},
                  "uuid": "f6ac7e92-d977-4f0a-986f-8a6ec38dc500",
                  "parentUUID": "8aa0e33d-8836-406c-8765-e1072d7d8625",
                  "isHook": false,
                  "skipped": false
                },
                {
                  "title": "should handle decimal results",
                  "fullTitle": "mathUtils divide should handle decimal results",
                  "timedOut": false,
                  "duration": 0,
                  "state": "passed",
                  "speed": "fast",
                  "pass": true,
                  "fail": false,
                  "pending": false,
                  "context": null,
                  "code": "expect(divide(5, 2)).to.equal(2.5);",
                  "err": {},
                  "uuid": "75a82f74-8a03-4f81-967c-5733c1de99cc",
                  "parentUUID": "8aa0e33d-8836-406c-8765-e1072d7d8625",
                  "isHook": false,
                  "skipped": false
                },
                {
                  "title": "should throw error when dividing by zero",
                  "fullTitle": "mathUtils divide should throw error when dividing by zero",
                  "timedOut": false,
                  "duration": 0,
                  "state": "passed",
                  "speed": "fast",
                  "pass": true,
                  "fail": false,
                  "pending": false,
                  "context": null,
                  "code": "expect(() => divide(5, 0)).to.throw('Cannot divide by zero');",
                  "err": {},
                  "uuid": "938b2a7d-c396-4000-b162-3cae766626bb",
                  "parentUUID": "8aa0e33d-8836-406c-8765-e1072d7d8625",
                  "isHook": false,
                  "skipped": false
                }
              ],
              "suites": [],
              "passes": [
                "f6ac7e92-d977-4f0a-986f-8a6ec38dc500",
                "75a82f74-8a03-4f81-967c-5733c1de99cc",
                "938b2a7d-c396-4000-b162-3cae766626bb"
              ],
              "failures": [],
              "pending": [],
              "skipped": [],
              "duration": 0,
              "root": false,
              "rootEmpty": false,
              "_timeout": 2000
            }
          ],
          "passes": [],
          "failures": [],
          "pending": [],
          "skipped": [],
          "duration": 0,
          "root": false,
          "rootEmpty": false,
          "_timeout": 2000
        },
        {
          "uuid": "56f88b3c-b351-48f1-8f05-ec96de97f46b",
          "title": "stringUtils",
          "fullFile": "D:\\JStesting\\test\\stringUtils.test.js",
          "file": "\\test\\stringUtils.test.js",
          "beforeHooks": [],
          "afterHooks": [],
          "tests": [],
          "suites": [
            {
              "uuid": "3a676872-d99b-4852-ad78-3352bef2ef34",
              "title": "capitalize",
              "fullFile": "D:\\JStesting\\test\\stringUtils.test.js",
              "file": "\\test\\stringUtils.test.js",
              "beforeHooks": [],
              "afterHooks": [],
              "tests": [
                {
                  "title": "should capitalize the first letter of a string",
                  "fullTitle": "stringUtils capitalize should capitalize the first letter of a string",
                  "timedOut": false,
                  "duration": 0,
                  "state": "passed",
                  "speed": "fast",
                  "pass": true,
                  "fail": false,
                  "pending": false,
                  "context": null,
                  "code": "expect(capitalize('hello')).to.equal('Hello');",
                  "err": {},
                  "uuid": "509de173-ae0e-43e7-8693-adc2997ab68c",
                  "parentUUID": "3a676872-d99b-4852-ad78-3352bef2ef34",
                  "isHook": false,
                  "skipped": false
                },
                {
                  "title": "should not change already capitalized strings",
                  "fullTitle": "stringUtils capitalize should not change already capitalized strings",
                  "timedOut": false,
                  "duration": 0,
                  "state": "passed",
                  "speed": "fast",
                  "pass": true,
                  "fail": false,
                  "pending": false,
                  "context": null,
                  "code": "expect(capitalize('Hello')).to.equal('Hello');",
                  "err": {},
                  "uuid": "3b5f8380-bb67-447b-8556-fb2a3f2a137d",
                  "parentUUID": "3a676872-d99b-4852-ad78-3352bef2ef34",
                  "isHook": false,
                  "skipped": false
                },
                {
                  "title": "should handle empty strings",
                  "fullTitle": "stringUtils capitalize should handle empty strings",
                  "timedOut": false,
                  "duration": 1,
                  "state": "passed",
                  "speed": "fast",
                  "pass": true,
                  "fail": false,
                  "pending": false,
                  "context": null,
                  "code": "expect(capitalize('')).to.equal('');",
                  "err": {},
                  "uuid": "413f550f-7d65-4397-8d27-db6f051cbabe",
                  "parentUUID": "3a676872-d99b-4852-ad78-3352bef2ef34",
                  "isHook": false,
                  "skipped": false
                },
                {
                  "title": "should throw error if input is not a string",
                  "fullTitle": "stringUtils capitalize should throw error if input is not a string",
                  "timedOut": false,
                  "duration": 0,
                  "state": "passed",
                  "speed": "fast",
                  "pass": true,
                  "fail": false,
                  "pending": false,
                  "context": null,
                  "code": "expect(() => capitalize(123)).to.throw('Input must be a string');\nexpect(() => capitalize(null)).to.throw('Input must be a string');",
                  "err": {},
                  "uuid": "7a7a6cb9-a2c6-430c-9497-18fb34e4ef9d",
                  "parentUUID": "3a676872-d99b-4852-ad78-3352bef2ef34",
                  "isHook": false,
                  "skipped": false
                }
              ],
              "suites": [],
              "passes": [
                "509de173-ae0e-43e7-8693-adc2997ab68c",
                "3b5f8380-bb67-447b-8556-fb2a3f2a137d",
                "413f550f-7d65-4397-8d27-db6f051cbabe",
                "7a7a6cb9-a2c6-430c-9497-18fb34e4ef9d"
              ],
              "failures": [],
              "pending": [],
              "skipped": [],
              "duration": 1,
              "root": false,
              "rootEmpty": false,
              "_timeout": 2000
            },
            {
              "uuid": "c0b63c8d-e410-426a-ab48-1304c41e93c0",
              "title": "reverseString",
              "fullFile": "D:\\JStesting\\test\\stringUtils.test.js",
              "file": "\\test\\stringUtils.test.js",
              "beforeHooks": [],
              "afterHooks": [],
              "tests": [
                {
                  "title": "should reverse a string",
                  "fullTitle": "stringUtils reverseString should reverse a string",
                  "timedOut": false,
                  "duration": 0,
                  "state": "passed",
                  "speed": "fast",
                  "pass": true,
                  "fail": false,
                  "pending": false,
                  "context": null,
                  "code": "expect(reverseString('hello')).to.equal('olleh');",
                  "err": {},
                  "uuid": "3340051c-e681-4654-9b68-94702caaeb5b",
                  "parentUUID": "c0b63c8d-e410-426a-ab48-1304c41e93c0",
                  "isHook": false,
                  "skipped": false
                },
                {
                  "title": "should handle empty strings",
                  "fullTitle": "stringUtils reverseString should handle empty strings",
                  "timedOut": false,
                  "duration": 0,
                  "state": "passed",
                  "speed": "fast",
                  "pass": true,
                  "fail": false,
                  "pending": false,
                  "context": null,
                  "code": "expect(reverseString('')).to.equal('');",
                  "err": {},
                  "uuid": "2e88e81f-4cb0-4c4b-ac3b-3484f11e8c85",
                  "parentUUID": "c0b63c8d-e410-426a-ab48-1304c41e93c0",
                  "isHook": false,
                  "skipped": false
                },
                {
                  "title": "should throw error if input is not a string",
                  "fullTitle": "stringUtils reverseString should throw error if input is not a string",
                  "timedOut": false,
                  "duration": 0,
                  "state": "passed",
                  "speed": "fast",
                  "pass": true,
                  "fail": false,
                  "pending": false,
                  "context": null,
                  "code": "expect(() => reverseString([])).to.throw('Input must be a string');",
                  "err": {},
                  "uuid": "def6cf4f-9404-46df-95cf-94fe035c1757",
                  "parentUUID": "c0b63c8d-e410-426a-ab48-1304c41e93c0",
                  "isHook": false,
                  "skipped": false
                }
              ],
              "suites": [],
              "passes": [
                "3340051c-e681-4654-9b68-94702caaeb5b",
                "2e88e81f-4cb0-4c4b-ac3b-3484f11e8c85",
                "def6cf4f-9404-46df-95cf-94fe035c1757"
              ],
              "failures": [],
              "pending": [],
              "skipped": [],
              "duration": 0,
              "root": false,
              "rootEmpty": false,
              "_timeout": 2000
            },
            {
              "uuid": "99e3344c-fadb-45ec-ae0b-f33875428e0f",
              "title": "isPalindrome",
              "fullFile": "D:\\JStesting\\test\\stringUtils.test.js",
              "file": "\\test\\stringUtils.test.js",
              "beforeHooks": [],
              "afterHooks": [],
              "tests": [
                {
                  "title": "should return true for palindromes",
                  "fullTitle": "stringUtils isPalindrome should return true for palindromes",
                  "timedOut": false,
                  "duration": 1,
                  "state": "passed",
                  "speed": "fast",
                  "pass": true,
                  "fail": false,
                  "pending": false,
                  "context": null,
                  "code": "expect(isPalindrome('radar')).to.be.true;\nexpect(isPalindrome('level')).to.be.true;",
                  "err": {},
                  "uuid": "eaeb73b1-9493-4eea-93cd-03509f24a65a",
                  "parentUUID": "99e3344c-fadb-45ec-ae0b-f33875428e0f",
                  "isHook": false,
                  "skipped": false
                },
                {
                  "title": "should return false for non-palindromes",
                  "fullTitle": "stringUtils isPalindrome should return false for non-palindromes",
                  "timedOut": false,
                  "duration": 0,
                  "state": "passed",
                  "speed": "fast",
                  "pass": true,
                  "fail": false,
                  "pending": false,
                  "context": null,
                  "code": "expect(isPalindrome('hello')).to.be.false;",
                  "err": {},
                  "uuid": "ece18828-1afd-4995-87ef-58a077298e0c",
                  "parentUUID": "99e3344c-fadb-45ec-ae0b-f33875428e0f",
                  "isHook": false,
                  "skipped": false
                },
                {
                  "title": "should handle empty strings",
                  "fullTitle": "stringUtils isPalindrome should handle empty strings",
                  "timedOut": false,
                  "duration": 0,
                  "state": "passed",
                  "speed": "fast",
                  "pass": true,
                  "fail": false,
                  "pending": false,
                  "context": null,
                  "code": "expect(isPalindrome('')).to.be.true;",
                  "err": {},
                  "uuid": "5763726e-126a-4d1e-bc9b-1d6f3ed0e630",
                  "parentUUID": "99e3344c-fadb-45ec-ae0b-f33875428e0f",
                  "isHook": false,
                  "skipped": false
                },
                {
                  "title": "should throw error if input is not a string",
                  "fullTitle": "stringUtils isPalindrome should throw error if input is not a string",
                  "timedOut": false,
                  "duration": 0,
                  "state": "passed",
                  "speed": "fast",
                  "pass": true,
                  "fail": false,
                  "pending": false,
                  "context": null,
                  "code": "expect(() => isPalindrome({})).to.throw('Input must be a string');",
                  "err": {},
                  "uuid": "e48b0a0f-1976-48b0-9112-2809dcc539ca",
                  "parentUUID": "99e3344c-fadb-45ec-ae0b-f33875428e0f",
                  "isHook": false,
                  "skipped": false
                }
              ],
              "suites": [],
              "passes": [
                "eaeb73b1-9493-4eea-93cd-03509f24a65a",
                "ece18828-1afd-4995-87ef-58a077298e0c",
                "5763726e-126a-4d1e-bc9b-1d6f3ed0e630",
                "e48b0a0f-1976-48b0-9112-2809dcc539ca"
              ],
              "failures": [],
              "pending": [],
              "skipped": [],
              "duration": 1,
              "root": false,
              "rootEmpty": false,
              "_timeout": 2000
            }
          ],
          "passes": [],
          "failures": [],
          "pending": [],
          "skipped": [],
          "duration": 0,
          "root": false,
          "rootEmpty": false,
          "_timeout": 2000
        },
        {
          "uuid": "fa5335ed-7686-416a-bd15-264a170b4a6f",
          "title": "studentKnowledgeCheckerUtil",
          "fullFile": "D:\\JStesting\\test\\studentKnowledgeCheckerUtil.test.js",
          "file": "\\test\\studentKnowledgeCheckerUtil.test.js",
          "beforeHooks": [],
          "afterHooks": [],
          "tests": [],
          "suites": [
            {
              "uuid": "0f1b299b-5d66-4851-85ea-56324db44a17",
              "title": "checkStudentKnowledge",
              "fullFile": "D:\\JStesting\\test\\studentKnowledgeCheckerUtil.test.js",
              "file": "\\test\\studentKnowledgeCheckerUtil.test.js",
              "beforeHooks": [],
              "afterHooks": [],
              "tests": [
                {
                  "title": "should return true when all answers are correct",
                  "fullTitle": "studentKnowledgeCheckerUtil checkStudentKnowledge should return true when all answers are correct",
                  "timedOut": false,
                  "duration": 0,
                  "state": "passed",
                  "speed": "fast",
                  "pass": true,
                  "fail": false,
                  "pending": false,
                  "context": null,
                  "code": "const studentAnswers = { q1: 'a', q2: 'b', q3: 'c' };\nconst correctAnswers = { q1: 'a', q2: 'b', q3: 'c' };\nexpect(checkStudentKnowledge(studentAnswers, correctAnswers)).to.be.true;",
                  "err": {},
                  "uuid": "8b61591f-9717-4dea-9f8b-3b452960bee3",
                  "parentUUID": "0f1b299b-5d66-4851-85ea-56324db44a17",
                  "isHook": false,
                  "skipped": false
                },
                {
                  "title": "should return false when an answer is incorrect",
                  "fullTitle": "studentKnowledgeCheckerUtil checkStudentKnowledge should return false when an answer is incorrect",
                  "timedOut": false,
                  "duration": 0,
                  "state": "passed",
                  "speed": "fast",
                  "pass": true,
                  "fail": false,
                  "pending": false,
                  "context": null,
                  "code": "const studentAnswers = { q1: 'a', q2: 'b', q3: 'c' };\nconst correctAnswers = { q1: 'a', q2: 'b', q3: 'd' };\nexpect(checkStudentKnowledge(studentAnswers, correctAnswers)).to.be.false;",
                  "err": {},
                  "uuid": "7ea883b7-f380-49be-8fea-98054d5d4b2b",
                  "parentUUID": "0f1b299b-5d66-4851-85ea-56324db44a17",
                  "isHook": false,
                  "skipped": false
                },
                {
                  "title": "should return false when question keys are different",
                  "fullTitle": "studentKnowledgeCheckerUtil checkStudentKnowledge should return false when question keys are different",
                  "timedOut": false,
                  "duration": 0,
                  "state": "passed",
                  "speed": "fast",
                  "pass": true,
                  "fail": false,
                  "pending": false,
                  "context": null,
                  "code": "const studentAnswers = { q1: 'a', q2: 'b', q3: 'c' };\nconst correctAnswers = { q1: 'a', q4: 'b', q3: 'c' };\nexpect(checkStudentKnowledge(studentAnswers, correctAnswers)).to.be.false;",
                  "err": {},
                  "uuid": "3b2cf465-6b72-4fb8-907d-d54a9c7fbdc9",
                  "parentUUID": "0f1b299b-5d66-4851-85ea-56324db44a17",
                  "isHook": false,
                  "skipped": false
                },
                {
                  "title": "should return false when number of questions differs",
                  "fullTitle": "studentKnowledgeCheckerUtil checkStudentKnowledge should return false when number of questions differs",
                  "timedOut": false,
                  "duration": 0,
                  "state": "passed",
                  "speed": "fast",
                  "pass": true,
                  "fail": false,
                  "pending": false,
                  "context": null,
                  "code": "const studentAnswers = { q1: 'a', q2: 'b' };\nconst correctAnswers = { q1: 'a', q2: 'b', q3: 'c' };\nexpect(checkStudentKnowledge(studentAnswers, correctAnswers)).to.be.false;",
                  "err": {},
                  "uuid": "0f677c5b-a6de-4227-9949-12522a11fedc",
                  "parentUUID": "0f1b299b-5d66-4851-85ea-56324db44a17",
                  "isHook": false,
                  "skipped": false
                }
              ],
              "suites": [],
              "passes": [
                "8b61591f-9717-4dea-9f8b-3b452960bee3",
                "7ea883b7-f380-49be-8fea-98054d5d4b2b",
                "3b2cf465-6b72-4fb8-907d-d54a9c7fbdc9",
                "0f677c5b-a6de-4227-9949-12522a11fedc"
              ],
              "failures": [],
              "pending": [],
              "skipped": [],
              "duration": 0,
              "root": false,
              "rootEmpty": false,
              "_timeout": 2000
            }
          ],
          "passes": [],
          "failures": [],
          "pending": [],
          "skipped": [],
          "duration": 0,
          "root": false,
          "rootEmpty": false,
          "_timeout": 2000
        },
        {
          "uuid": "1ba8841d-2b8f-4f35-b5a1-5a4bf7c19ae5",
          "title": "usersListUtils",
          "fullFile": "D:\\JStesting\\test\\usersListUtils.test.js",
          "file": "\\test\\usersListUtils.test.js",
          "beforeHooks": [],
          "afterHooks": [],
          "tests": [],
          "suites": [
            {
              "uuid": "dd718f89-c784-4026-a221-78a637e7f71e",
              "title": "filterUsersByAge",
              "fullFile": "D:\\JStesting\\test\\usersListUtils.test.js",
              "file": "\\test\\usersListUtils.test.js",
              "beforeHooks": [],
              "afterHooks": [],
              "tests": [
                {
                  "title": "should filter users by age range",
                  "fullTitle": "usersListUtils filterUsersByAge should filter users by age range",
                  "timedOut": false,
                  "duration": 0,
                  "state": "passed",
                  "speed": "fast",
                  "pass": true,
                  "fail": false,
                  "pending": false,
                  "context": null,
                  "code": "const filtered = filterUsersByAge(users, 25, 32);\nexpect(filtered).to.have.length(2);\nexpect(filtered[0].name).to.equal('John');\nexpect(filtered[1].name).to.equal('Alice');",
                  "err": {},
                  "uuid": "18921f17-68a1-45cc-a939-c159147a510d",
                  "parentUUID": "dd718f89-c784-4026-a221-78a637e7f71e",
                  "isHook": false,
                  "skipped": false
                },
                {
                  "title": "should return empty array if no users match the age criteria",
                  "fullTitle": "usersListUtils filterUsersByAge should return empty array if no users match the age criteria",
                  "timedOut": false,
                  "duration": 0,
                  "state": "passed",
                  "speed": "fast",
                  "pass": true,
                  "fail": false,
                  "pending": false,
                  "context": null,
                  "code": "const filtered = filterUsersByAge(users, 40, 50);\nexpect(filtered).to.be.an('array').that.is.empty;",
                  "err": {},
                  "uuid": "457a5332-971b-4ea5-814d-6766e4ecdaa0",
                  "parentUUID": "dd718f89-c784-4026-a221-78a637e7f71e",
                  "isHook": false,
                  "skipped": false
                },
                {
                  "title": "should throw error if users is not an array",
                  "fullTitle": "usersListUtils filterUsersByAge should throw error if users is not an array",
                  "timedOut": false,
                  "duration": 0,
                  "state": "passed",
                  "speed": "fast",
                  "pass": true,
                  "fail": false,
                  "pending": false,
                  "context": null,
                  "code": "expect(() => filterUsersByAge(null, 20, 30)).to.throw('Users must be an array');\nexpect(() => filterUsersByAge({}, 20, 30)).to.throw('Users must be an array');",
                  "err": {},
                  "uuid": "da68450c-b8f7-442e-a006-ac2720b73112",
                  "parentUUID": "dd718f89-c784-4026-a221-78a637e7f71e",
                  "isHook": false,
                  "skipped": false
                }
              ],
              "suites": [],
              "passes": [
                "18921f17-68a1-45cc-a939-c159147a510d",
                "457a5332-971b-4ea5-814d-6766e4ecdaa0",
                "da68450c-b8f7-442e-a006-ac2720b73112"
              ],
              "failures": [],
              "pending": [],
              "skipped": [],
              "duration": 0,
              "root": false,
              "rootEmpty": false,
              "_timeout": 2000
            },
            {
              "uuid": "3758af88-275b-4521-a851-843494eb01c0",
              "title": "sortUsersByName",
              "fullFile": "D:\\JStesting\\test\\usersListUtils.test.js",
              "file": "\\test\\usersListUtils.test.js",
              "beforeHooks": [],
              "afterHooks": [],
              "tests": [
                {
                  "title": "should sort users by name alphabetically",
                  "fullTitle": "usersListUtils sortUsersByName should sort users by name alphabetically",
                  "timedOut": false,
                  "duration": 0,
                  "state": "passed",
                  "speed": "fast",
                  "pass": true,
                  "fail": false,
                  "pending": false,
                  "context": null,
                  "code": "const sorted = sortUsersByName(users);\nexpect(sorted[0].name).to.equal('Alice');\nexpect(sorted[1].name).to.equal('Bob');\nexpect(sorted[2].name).to.equal('David');\nexpect(sorted[3].name).to.equal('John');",
                  "err": {},
                  "uuid": "48031614-b694-46c7-86af-5606c8ba0690",
                  "parentUUID": "3758af88-275b-4521-a851-843494eb01c0",
                  "isHook": false,
                  "skipped": false
                },
                {
                  "title": "should return new array and not modify original",
                  "fullTitle": "usersListUtils sortUsersByName should return new array and not modify original",
                  "timedOut": false,
                  "duration": 0,
                  "state": "passed",
                  "speed": "fast",
                  "pass": true,
                  "fail": false,
                  "pending": false,
                  "context": null,
                  "code": "const original = [...users];\nsortUsersByName(users);\nexpect(users[0].name).to.equal(original[0].name);",
                  "err": {},
                  "uuid": "2ba50c44-f40f-42df-b5f2-c93ecfd989e6",
                  "parentUUID": "3758af88-275b-4521-a851-843494eb01c0",
                  "isHook": false,
                  "skipped": false
                },
                {
                  "title": "should throw error if users is not an array",
                  "fullTitle": "usersListUtils sortUsersByName should throw error if users is not an array",
                  "timedOut": false,
                  "duration": 1,
                  "state": "passed",
                  "speed": "fast",
                  "pass": true,
                  "fail": false,
                  "pending": false,
                  "context": null,
                  "code": "expect(() => sortUsersByName(null)).to.throw('Users must be an array');",
                  "err": {},
                  "uuid": "816978c3-37ce-47bd-9662-c419aa7d07fa",
                  "parentUUID": "3758af88-275b-4521-a851-843494eb01c0",
                  "isHook": false,
                  "skipped": false
                }
              ],
              "suites": [],
              "passes": [
                "48031614-b694-46c7-86af-5606c8ba0690",
                "2ba50c44-f40f-42df-b5f2-c93ecfd989e6",
                "816978c3-37ce-47bd-9662-c419aa7d07fa"
              ],
              "failures": [],
              "pending": [],
              "skipped": [],
              "duration": 1,
              "root": false,
              "rootEmpty": false,
              "_timeout": 2000
            },
            {
              "uuid": "3a7daa9a-d9a1-4979-9b82-242971f2c9d4",
              "title": "findUserById",
              "fullFile": "D:\\JStesting\\test\\usersListUtils.test.js",
              "file": "\\test\\usersListUtils.test.js",
              "beforeHooks": [],
              "afterHooks": [],
              "tests": [
                {
                  "title": "should find user by id",
                  "fullTitle": "usersListUtils findUserById should find user by id",
                  "timedOut": false,
                  "duration": 0,
                  "state": "passed",
                  "speed": "fast",
                  "pass": true,
                  "fail": false,
                  "pending": false,
                  "context": null,
                  "code": "const user = findUserById(users, 2);\nexpect(user).to.not.be.null;\nexpect(user.name).to.equal('Alice');",
                  "err": {},
                  "uuid": "2e0f1fb9-8373-459c-bc0d-9a1ba74e7f5f",
                  "parentUUID": "3a7daa9a-d9a1-4979-9b82-242971f2c9d4",
                  "isHook": false,
                  "skipped": false
                },
                {
                  "title": "should return null if user not found",
                  "fullTitle": "usersListUtils findUserById should return null if user not found",
                  "timedOut": false,
                  "duration": 0,
                  "state": "passed",
                  "speed": "fast",
                  "pass": true,
                  "fail": false,
                  "pending": false,
                  "context": null,
                  "code": "const user = findUserById(users, 99);\nexpect(user).to.be.null;",
                  "err": {},
                  "uuid": "09d4c650-ce79-42fd-ae59-70984b509ee1",
                  "parentUUID": "3a7daa9a-d9a1-4979-9b82-242971f2c9d4",
                  "isHook": false,
                  "skipped": false
                },
                {
                  "title": "should throw error if users is not an array",
                  "fullTitle": "usersListUtils findUserById should throw error if users is not an array",
                  "timedOut": false,
                  "duration": 0,
                  "state": "passed",
                  "speed": "fast",
                  "pass": true,
                  "fail": false,
                  "pending": false,
                  "context": null,
                  "code": "expect(() => findUserById('not an array', 1)).to.throw('Users must be an array');",
                  "err": {},
                  "uuid": "f86d57d2-fc94-4dcc-8c07-6736488fbc15",
                  "parentUUID": "3a7daa9a-d9a1-4979-9b82-242971f2c9d4",
                  "isHook": false,
                  "skipped": false
                }
              ],
              "suites": [],
              "passes": [
                "2e0f1fb9-8373-459c-bc0d-9a1ba74e7f5f",
                "09d4c650-ce79-42fd-ae59-70984b509ee1",
                "f86d57d2-fc94-4dcc-8c07-6736488fbc15"
              ],
              "failures": [],
              "pending": [],
              "skipped": [],
              "duration": 0,
              "root": false,
              "rootEmpty": false,
              "_timeout": 2000
            },
            {
              "uuid": "7602f03f-5b74-4794-9d12-49bd04174887",
              "title": "isEmailTaken",
              "fullFile": "D:\\JStesting\\test\\usersListUtils.test.js",
              "file": "\\test\\usersListUtils.test.js",
              "beforeHooks": [],
              "afterHooks": [],
              "tests": [
                {
                  "title": "should return true if email is taken",
                  "fullTitle": "usersListUtils isEmailTaken should return true if email is taken",
                  "timedOut": false,
                  "duration": 0,
                  "state": "passed",
                  "speed": "fast",
                  "pass": true,
                  "fail": false,
                  "pending": false,
                  "context": null,
                  "code": "expect(isEmailTaken(users, 'bob@example.com')).to.be.true;",
                  "err": {},
                  "uuid": "e83653cf-ded7-4502-9742-9a44c2c25cec",
                  "parentUUID": "7602f03f-5b74-4794-9d12-49bd04174887",
                  "isHook": false,
                  "skipped": false
                },
                {
                  "title": "should return false if email is not taken",
                  "fullTitle": "usersListUtils isEmailTaken should return false if email is not taken",
                  "timedOut": false,
                  "duration": 0,
                  "state": "passed",
                  "speed": "fast",
                  "pass": true,
                  "fail": false,
                  "pending": false,
                  "context": null,
                  "code": "expect(isEmailTaken(users, 'unknown@example.com')).to.be.false;",
                  "err": {},
                  "uuid": "51cf238e-a9f7-4816-97fe-53ffc2c2c1b5",
                  "parentUUID": "7602f03f-5b74-4794-9d12-49bd04174887",
                  "isHook": false,
                  "skipped": false
                },
                {
                  "title": "should throw error if users is not an array",
                  "fullTitle": "usersListUtils isEmailTaken should throw error if users is not an array",
                  "timedOut": false,
                  "duration": 0,
                  "state": "passed",
                  "speed": "fast",
                  "pass": true,
                  "fail": false,
                  "pending": false,
                  "context": null,
                  "code": "expect(() => isEmailTaken(undefined, 'test@example.com')).to.throw('Users must be an array');",
                  "err": {},
                  "uuid": "d53cb246-7ca6-49d4-82dc-953f95cb2ec2",
                  "parentUUID": "7602f03f-5b74-4794-9d12-49bd04174887",
                  "isHook": false,
                  "skipped": false
                }
              ],
              "suites": [],
              "passes": [
                "e83653cf-ded7-4502-9742-9a44c2c25cec",
                "51cf238e-a9f7-4816-97fe-53ffc2c2c1b5",
                "d53cb246-7ca6-49d4-82dc-953f95cb2ec2"
              ],
              "failures": [],
              "pending": [],
              "skipped": [],
              "duration": 0,
              "root": false,
              "rootEmpty": false,
              "_timeout": 2000
            }
          ],
          "passes": [],
          "failures": [],
          "pending": [],
          "skipped": [],
          "duration": 0,
          "root": false,
          "rootEmpty": false,
          "_timeout": 2000
        }
      ],
      "passes": [],
      "failures": [],
      "pending": [],
      "skipped": [],
      "duration": 0,
      "root": true,
      "rootEmpty": true,
      "_timeout": 2000
    }
  ],
  "meta": {
    "mocha": {
      "version": "10.8.2"
    },
    "mochawesome": {
      "options": {
        "quiet": false,
        "reportFilename": "mochawesome",
        "saveHtml": true,
        "saveJson": true,
        "consoleReporter": "spec",
        "useInlineDiffs": false,
        "code": true
      },
      "version": "7.1.3"
    },
    "marge": {
      "options": null,
      "version": "6.2.0"
    }
  }
}